<?xml version="1.0" encoding="utf-8" ?>
<!DOCTYPE html PUBLIC "-//W3C//DTD XHTML 1.0 Strict//EN"
        "http://www.w3.org/TR/xhtml1/DTD/xhtml1-strict.dtd">
<html xmlns="http://www.w3.org/1999/xhtml" xml:lang="" lang="">
<head>
  <title>Test Results Report - Test</title>
  <meta http-equiv="Content-Type" content="text/html;charset=utf-8" />
  <meta name="description" content="TestNG unit test results." />
  <link href="reportng.css" rel="stylesheet" type="text/css" />
    <script type="text/javascript" src="reportng.js"></script>
</head>
<body>
<h1>Test</h1>
<p>
  Test duration: 607.306s
</p>



  <table class="resultsTable">
    <tr><th colspan="3" class="header failed">Failed Tests</th></tr>
          <tr>
        <td colspan="3" class="group">com.tcw.testcases.LiveStreamTest</td>
      </tr>
            
<tr>
  <td class="method">
                  liveStreamTest
      </td>
  <td class="duration">
    29.422s
  </td>
  <td class="result">
        
    
            <div class="testOutput">
                        Capturing Screenshot
                                <a target="_blank" href=Tue_Aug_16_12_26_23_IST_2022.jpg>Screenshot</a>
                                <br>
                                <a target="_blank" href=Tue_Aug_16_12_26_23_IST_2022.jpg><img src=Tue_Aug_16_12_26_23_IST_2022.jpg height=200 width=200></img></a>
                  </div>
    

        <a href="javascript:toggleElement('exception-0', 'block')" title="Click to expand/collapse"><b>org.openqa.selenium.TimeoutException: Expected condition failed: waiting for element to no longer be visible: By.id: divLoading (tried for 10 second(s) with 500 milliseconds interval)<br/>
Build info: version: &apos;4.1.0&apos;, revision: &apos;87802e897b&apos;<br/>
System info: host: &apos;DESKTOP-CRE3CMG&apos;, ip: &apos;192.168.1.173&apos;, os.name: &apos;Windows 10&apos;, os.arch: &apos;amd64&apos;, os.version: &apos;10.0&apos;, java.version: &apos;17&apos;<br/>
Driver info: org.openqa.selenium.chrome.ChromeDriver<br/>
Capabilities {acceptInsecureCerts: false, browserName: chrome, browserVersion: 104.0.5112.81, chrome: {chromedriverVersion: 104.0.5112.79 (3cf3e8c8a07d..., userDataDir: C:\Users\TECHBR~1\AppData\L...}, goog:chromeOptions: {debuggerAddress: localhost:56503}, javascriptEnabled: true, networkConnectionEnabled: false, pageLoadStrategy: normal, platform: WINDOWS, platformName: WINDOWS, proxy: Proxy(), se:cdp: ws://localhost:56503/devtoo..., se:cdpVersion: 104.0.5112.81, setWindowRect: true, strictFileInteractability: false, timeouts: {implicit: 0, pageLoad: 300000, script: 30000}, unhandledPromptBehavior: dismiss and notify, webauthn:extension:credBlob: true, webauthn:extension:largeBlob: true, webauthn:virtualAuthenticators: true}<br/>
Session ID: a0e41060fe4494b7f4f47ec4d66edd95</b></a><br />
    <div class="stackTrace" id="exception-0">
              org.openqa.selenium.support.ui.WebDriverWait.timeoutException(WebDriverWait.java:138)<br />
              org.openqa.selenium.support.ui.FluentWait.until(FluentWait.java:231)<br />
              com.tcw.base.BasePage.toWait(BasePage.java:43)<br />
              com.tcw.pages.LiveStreamPage.liveStream(LiveStreamPage.java:22)<br />
              com.tcw.testcases.LiveStreamTest.liveStreamTest(LiveStreamTest.java:20)<br />
              java.base/jdk.internal.reflect.NativeMethodAccessorImpl.invoke0(Native Method)<br />
              java.base/jdk.internal.reflect.NativeMethodAccessorImpl.invoke(NativeMethodAccessorImpl.java:77)<br />
              java.base/jdk.internal.reflect.DelegatingMethodAccessorImpl.invoke(DelegatingMethodAccessorImpl.java:43)<br />
              java.base/java.lang.reflect.Method.invoke(Method.java:568)<br />
              org.testng.internal.MethodInvocationHelper.invokeMethod(MethodInvocationHelper.java:133)<br />
              org.testng.internal.TestInvoker.invokeMethod(TestInvoker.java:598)<br />
              org.testng.internal.TestInvoker.invokeTestMethod(TestInvoker.java:173)<br />
              org.testng.internal.MethodRunner.runInSequence(MethodRunner.java:46)<br />
              org.testng.internal.TestInvoker$MethodInvocationAgent.invoke(TestInvoker.java:824)<br />
              org.testng.internal.TestInvoker.invokeTestMethods(TestInvoker.java:146)<br />
              org.testng.internal.TestMethodWorker.invokeTestMethods(TestMethodWorker.java:146)<br />
              org.testng.internal.TestMethodWorker.run(TestMethodWorker.java:128)<br />
              java.base/java.util.ArrayList.forEach(ArrayList.java:1511)<br />
              org.testng.TestRunner.privateRun(TestRunner.java:794)<br />
              org.testng.TestRunner.run(TestRunner.java:596)<br />
              org.testng.SuiteRunner.runTest(SuiteRunner.java:377)<br />
              org.testng.SuiteRunner.runSequentially(SuiteRunner.java:371)<br />
              org.testng.SuiteRunner.privateRun(SuiteRunner.java:332)<br />
              org.testng.SuiteRunner.run(SuiteRunner.java:276)<br />
              org.testng.SuiteRunnerWorker.runSuite(SuiteRunnerWorker.java:53)<br />
              org.testng.SuiteRunnerWorker.run(SuiteRunnerWorker.java:96)<br />
              org.testng.TestNG.runSuitesSequentially(TestNG.java:1212)<br />
              org.testng.TestNG.runSuitesLocally(TestNG.java:1134)<br />
              org.testng.TestNG.runSuites(TestNG.java:1063)<br />
              org.testng.TestNG.run(TestNG.java:1031)<br />
              org.testng.remote.AbstractRemoteTestNG.run(AbstractRemoteTestNG.java:115)<br />
              org.testng.remote.RemoteTestNG.initAndRun(RemoteTestNG.java:251)<br />
              org.testng.remote.RemoteTestNG.main(RemoteTestNG.java:77)<br />
                </div>
      </td>
</tr>
          <tr>
        <td colspan="3" class="group">com.tcw.testcases.TaskTest</td>
      </tr>
            
<tr>
  <td class="method">
                  addTaskTest
      </td>
  <td class="duration">
    15.722s
  </td>
  <td class="result">
        
          <i>Method arguments: </i><span class="arguments">{task=Null Tasks, description=Automation skills, emp=Jay Z}</span><br />
    
            <div class="testOutput">
                        Capturing Screenshot
                                <a target="_blank" href=Tue_Aug_16_12_28_45_IST_2022.jpg>Screenshot</a>
                                <br>
                                <a target="_blank" href=Tue_Aug_16_12_28_45_IST_2022.jpg><img src=Tue_Aug_16_12_28_45_IST_2022.jpg height=200 width=200></img></a>
                  </div>
    

        <a href="javascript:toggleElement('exception-1', 'block')" title="Click to expand/collapse"><b>org.openqa.selenium.ElementClickInterceptedException: element click intercepted: Element &lt;span class=&quot;sidebar_menu_link&quot;&gt;...&lt;/span&gt; is not clickable at point (60, 630). Other element would receive the click: &lt;div id=&quot;divLoading&quot; class=&quot;show&quot;&gt;&lt;/div&gt;<br/>
&nbsp; (Session info: chrome=104.0.5112.81)<br/>
Build info: version: &apos;4.1.0&apos;, revision: &apos;87802e897b&apos;<br/>
System info: host: &apos;DESKTOP-CRE3CMG&apos;, ip: &apos;192.168.1.173&apos;, os.name: &apos;Windows 10&apos;, os.arch: &apos;amd64&apos;, os.version: &apos;10.0&apos;, java.version: &apos;17&apos;<br/>
Driver info: org.openqa.selenium.chrome.ChromeDriver<br/>
Command: [ce0037692342a88ed25362872d9fc7da, clickElement {id=c287195b-3a6e-454b-8013-106ef8c865c7}]<br/>
Capabilities {acceptInsecureCerts: false, browserName: chrome, browserVersion: 104.0.5112.81, chrome: {chromedriverVersion: 104.0.5112.79 (3cf3e8c8a07d..., userDataDir: C:\Users\TECHBR~1\AppData\L...}, goog:chromeOptions: {debuggerAddress: localhost:57007}, javascriptEnabled: true, networkConnectionEnabled: false, pageLoadStrategy: normal, platform: WINDOWS, platformName: WINDOWS, proxy: Proxy(), se:cdp: ws://localhost:57007/devtoo..., se:cdpVersion: 104.0.5112.81, setWindowRect: true, strictFileInteractability: false, timeouts: {implicit: 0, pageLoad: 300000, script: 30000}, unhandledPromptBehavior: dismiss and notify, webauthn:extension:credBlob: true, webauthn:extension:largeBlob: true, webauthn:virtualAuthenticators: true}<br/>
Element: [[ChromeDriver: chrome on WINDOWS (ce0037692342a88ed25362872d9fc7da)] -&gt; xpath: //span[@class=&apos;sidebar_menu_link&apos; and text()=&apos;Tasks&apos;]]<br/>
Session ID: ce0037692342a88ed25362872d9fc7da</b></a><br />
    <div class="stackTrace" id="exception-1">
              java.base/jdk.internal.reflect.NativeConstructorAccessorImpl.newInstance0(Native Method)<br />
              java.base/jdk.internal.reflect.NativeConstructorAccessorImpl.newInstance(NativeConstructorAccessorImpl.java:77)<br />
              java.base/jdk.internal.reflect.DelegatingConstructorAccessorImpl.newInstance(DelegatingConstructorAccessorImpl.java:45)<br />
              java.base/java.lang.reflect.Constructor.newInstanceWithCaller(Constructor.java:499)<br />
              java.base/java.lang.reflect.Constructor.newInstance(Constructor.java:480)<br />
              org.openqa.selenium.remote.codec.w3c.W3CHttpResponseCodec.createException(W3CHttpResponseCodec.java:200)<br />
              org.openqa.selenium.remote.codec.w3c.W3CHttpResponseCodec.decode(W3CHttpResponseCodec.java:133)<br />
              org.openqa.selenium.remote.codec.w3c.W3CHttpResponseCodec.decode(W3CHttpResponseCodec.java:53)<br />
              org.openqa.selenium.remote.HttpCommandExecutor.execute(HttpCommandExecutor.java:184)<br />
              org.openqa.selenium.remote.service.DriverCommandExecutor.invokeExecute(DriverCommandExecutor.java:164)<br />
              org.openqa.selenium.remote.service.DriverCommandExecutor.execute(DriverCommandExecutor.java:139)<br />
              org.openqa.selenium.remote.RemoteWebDriver.execute(RemoteWebDriver.java:559)<br />
              org.openqa.selenium.remote.RemoteWebElement.execute(RemoteWebElement.java:251)<br />
              org.openqa.selenium.remote.RemoteWebElement.click(RemoteWebElement.java:77)<br />
              jdk.internal.reflect.GeneratedMethodAccessor1.invoke(Unknown Source)<br />
              java.base/jdk.internal.reflect.DelegatingMethodAccessorImpl.invoke(DelegatingMethodAccessorImpl.java:43)<br />
              java.base/java.lang.reflect.Method.invoke(Method.java:568)<br />
              org.openqa.selenium.support.pagefactory.internal.LocatingElementHandler.invoke(LocatingElementHandler.java:52)<br />
              jdk.proxy2/jdk.proxy2.$Proxy17.click(Unknown Source)<br />
              com.tcw.pages.TasksPage.goToTaskPage(TasksPage.java:59)<br />
              com.tcw.testcases.TaskTest.addTaskTest(TaskTest.java:19)<br />
              java.base/jdk.internal.reflect.NativeMethodAccessorImpl.invoke0(Native Method)<br />
              java.base/jdk.internal.reflect.NativeMethodAccessorImpl.invoke(NativeMethodAccessorImpl.java:77)<br />
              java.base/jdk.internal.reflect.DelegatingMethodAccessorImpl.invoke(DelegatingMethodAccessorImpl.java:43)<br />
              java.base/java.lang.reflect.Method.invoke(Method.java:568)<br />
              org.testng.internal.MethodInvocationHelper.invokeMethod(MethodInvocationHelper.java:133)<br />
              org.testng.internal.TestInvoker.invokeMethod(TestInvoker.java:598)<br />
              org.testng.internal.TestInvoker.invokeTestMethod(TestInvoker.java:173)<br />
              org.testng.internal.MethodRunner.runInSequence(MethodRunner.java:46)<br />
              org.testng.internal.TestInvoker$MethodInvocationAgent.invoke(TestInvoker.java:824)<br />
              org.testng.internal.TestInvoker.invokeTestMethods(TestInvoker.java:146)<br />
              org.testng.internal.TestMethodWorker.invokeTestMethods(TestMethodWorker.java:146)<br />
              org.testng.internal.TestMethodWorker.run(TestMethodWorker.java:128)<br />
              java.base/java.util.ArrayList.forEach(ArrayList.java:1511)<br />
              org.testng.TestRunner.privateRun(TestRunner.java:794)<br />
              org.testng.TestRunner.run(TestRunner.java:596)<br />
              org.testng.SuiteRunner.runTest(SuiteRunner.java:377)<br />
              org.testng.SuiteRunner.runSequentially(SuiteRunner.java:371)<br />
              org.testng.SuiteRunner.privateRun(SuiteRunner.java:332)<br />
              org.testng.SuiteRunner.run(SuiteRunner.java:276)<br />
              org.testng.SuiteRunnerWorker.runSuite(SuiteRunnerWorker.java:53)<br />
              org.testng.SuiteRunnerWorker.run(SuiteRunnerWorker.java:96)<br />
              org.testng.TestNG.runSuitesSequentially(TestNG.java:1212)<br />
              org.testng.TestNG.runSuitesLocally(TestNG.java:1134)<br />
              org.testng.TestNG.runSuites(TestNG.java:1063)<br />
              org.testng.TestNG.run(TestNG.java:1031)<br />
              org.testng.remote.AbstractRemoteTestNG.run(AbstractRemoteTestNG.java:115)<br />
              org.testng.remote.RemoteTestNG.initAndRun(RemoteTestNG.java:251)<br />
              org.testng.remote.RemoteTestNG.main(RemoteTestNG.java:77)<br />
                </div>
      </td>
</tr>
      </table>


  <table class="resultsTable">
    <tr><th colspan="3" class="header passed">Passed Tests</th></tr>
          <tr>
        <td colspan="3" class="group">com.tcw.testcases.ClockedInNowTest</td>
      </tr>
            
<tr>
  <td class="method">
                  clockedInNowTest
      </td>
  <td class="duration">
    20.806s
  </td>
  <td class="result">
        
    
        

      </td>
</tr>
          <tr>
        <td colspan="3" class="group">com.tcw.testcases.EmployeeTest</td>
      </tr>
            
<tr>
  <td class="method">
                  landingOnEmployeePage
      </td>
  <td class="duration">
    27.170s
  </td>
  <td class="result">
        
    
        

      </td>
</tr>
          <tr>
        <td colspan="3" class="group">com.tcw.testcases.EmployeesClockedInTodayTest</td>
      </tr>
            
<tr>
  <td class="method">
                  timesheetSrchTest
      </td>
  <td class="duration">
    18.165s
  </td>
  <td class="result">
        
    
        

      </td>
</tr>
          <tr>
        <td colspan="3" class="group">com.tcw.testcases.NotClockedInNowTest</td>
      </tr>
            
<tr>
  <td class="method">
                  notClockedInTest
      </td>
  <td class="duration">
    21.060s
  </td>
  <td class="result">
        
    
        

      </td>
</tr>
          <tr>
        <td colspan="3" class="group">com.tcw.testcases.PaymentTest</td>
      </tr>
            
<tr>
  <td class="method">
                  landingOnPaymentPage
      </td>
  <td class="duration">
    38.214s
  </td>
  <td class="result">
        
    
        

      </td>
</tr>
          <tr>
        <td colspan="3" class="group">com.tcw.testcases.PayrollTest</td>
      </tr>
            
<tr>
  <td class="method">
                  landingOnPayrollPage
      </td>
  <td class="duration">
    26.216s
  </td>
  <td class="result">
        
    
        

      </td>
</tr>
          <tr>
        <td colspan="3" class="group">com.tcw.testcases.PendingAbsenceRequestsTest</td>
      </tr>
            
<tr>
  <td class="method">
                  timesheetRequestListTest
      </td>
  <td class="duration">
    20.660s
  </td>
  <td class="result">
        
    
        

      </td>
</tr>
          <tr>
        <td colspan="3" class="group">com.tcw.testcases.PendingTimesheetRequestsTest</td>
      </tr>
            
<tr>
  <td class="method">
                  timesheetRequestListTest
      </td>
  <td class="duration">
    21.150s
  </td>
  <td class="result">
        
    
        

      </td>
</tr>
          <tr>
        <td colspan="3" class="group">com.tcw.testcases.PossibleClockInErrorsTest</td>
      </tr>
            
<tr>
  <td class="method">
                  possClockInErrListTest
      </td>
  <td class="duration">
    16.134s
  </td>
  <td class="result">
        
    
        

      </td>
</tr>
          <tr>
        <td colspan="3" class="group">com.tcw.testcases.ReimbursementRequestsTest</td>
      </tr>
            
<tr>
  <td class="method">
                  reimReqSrcTest
      </td>
  <td class="duration">
    25.695s
  </td>
  <td class="result">
        
    
        

      </td>
</tr>
          <tr>
        <td colspan="3" class="group">com.tcw.testcases.ReportsTest</td>
      </tr>
            
<tr>
  <td class="method">
                  landingOnReportsPage
      </td>
  <td class="duration">
    26.668s
  </td>
  <td class="result">
        
    
        

      </td>
</tr>
          <tr>
        <td colspan="3" class="group">com.tcw.testcases.ScheduleTest</td>
      </tr>
            
<tr>
  <td class="method">
                  landingOnSchedulePage
      </td>
  <td class="duration">
    23.681s
  </td>
  <td class="result">
        
    
        

      </td>
</tr>
          <tr>
        <td colspan="3" class="group">com.tcw.testcases.ScheduledEmployeesTest</td>
      </tr>
            
<tr>
  <td class="method">
                  daySchTest
      </td>
  <td class="duration">
    23.425s
  </td>
  <td class="result">
        
    
        

      </td>
</tr>
          <tr>
        <td colspan="3" class="group">com.tcw.testcases.SelfRegistrationRequestsTest</td>
      </tr>
            
<tr>
  <td class="method">
                  selfRegUserTest
      </td>
  <td class="duration">
    19.262s
  </td>
  <td class="result">
        
    
        

      </td>
</tr>
          <tr>
        <td colspan="3" class="group">com.tcw.testcases.SettingsTest</td>
      </tr>
            
<tr>
  <td class="method">
                  landingOnSettingsPage
      </td>
  <td class="duration">
    26.329s
  </td>
  <td class="result">
        
    
        

      </td>
</tr>
          <tr>
        <td colspan="3" class="group">com.tcw.testcases.ShiftSwitchRequestsTest</td>
      </tr>
            
<tr>
  <td class="method">
                  switchScheduleReqTest
      </td>
  <td class="duration">
    20.896s
  </td>
  <td class="result">
        
    
        

      </td>
</tr>
          <tr>
        <td colspan="3" class="group">com.tcw.testcases.SupportTest</td>
      </tr>
            
<tr>
  <td class="method">
                  landingOnSupportPage
      </td>
  <td class="duration">
    26.100s
  </td>
  <td class="result">
        
    
        

      </td>
</tr>
          <tr>
        <td colspan="3" class="group">com.tcw.testcases.TimesheetTest</td>
      </tr>
            
<tr>
  <td class="method">
                  addTimeSheetTest
      </td>
  <td class="duration">
    27.209s
  </td>
  <td class="result">
        
          <i>Method arguments: </i><span class="arguments">{emp=Urvashi N}</span><br />
    
        

      </td>
</tr>
          <tr>
        <td colspan="3" class="group">com.tcw.testcases.TimesheetsToVerifyTest</td>
      </tr>
            
<tr>
  <td class="method">
                  verifiedClockInTest
      </td>
  <td class="duration">
    21.313s
  </td>
  <td class="result">
        
    
        

      </td>
</tr>
      </table>
  
</body>
</html>
