<html>
<head>
<title>TestNG:  Test</title>
<link href="../testng.css" rel="stylesheet" type="text/css" />
<link href="../my-testng.css" rel="stylesheet" type="text/css" />

<style type="text/css">
.log { display: none;} 
.stack-trace { display: none;} 
</style>
<script type="text/javascript">
<!--
function flip(e) {
  current = e.style.display;
  if (current == 'block') {
    e.style.display = 'none';
    return 0;
  }
  else {
    e.style.display = 'block';
    return 1;
  }
}

function toggleBox(szDivId, elem, msg1, msg2)
{
  var res = -1;  if (document.getElementById) {
    res = flip(document.getElementById(szDivId));
  }
  else if (document.all) {
    // this is the way old msie versions work
    res = flip(document.all[szDivId]);
  }
  if(elem) {
    if(res == 0) elem.innerHTML = msg1; else elem.innerHTML = msg2;
  }

}

function toggleAllBoxes() {
  if (document.getElementsByTagName) {
    d = document.getElementsByTagName('div');
    for (i = 0; i < d.length; i++) {
      if (d[i].className == 'log') {
        flip(d[i]);
      }
    }
  }
}

// -->
</script>

</head>
<body>
<h2 align='center'>Test</h2><table border='1' align="center">
<tr>
<td>Tests passed/Failed/Skipped:</td><td>19/2/0</td>
</tr><tr>
<td>Started on:</td><td>Tue Aug 16 12:20:56 IST 2022</td>
</tr>
<tr><td>Total time:</td><td>608 seconds (608363 ms)</td>
</tr><tr>
<td>Included groups:</td><td></td>
</tr><tr>
<td>Excluded groups:</td><td></td>
</tr>
</table><p/>
<small><i>(Hover the method name to see the test class name)</i></small><p/>
<table width='100%' border='1' class='invocation-failed'>
<tr><td colspan='4' align='center'><b>FAILED TESTS</b></td></tr>
<tr><td><b>Test method</b></td>
<td width="30%"><b>Exception</b></td>
<td width="10%"><b>Time (seconds)</b></td>
<td><b>Instance</b></td>
</tr>
<tr>
<td title='com.tcw.testcases.TaskTest.addTaskTest()'><b>addTaskTest</b><br>Test class: com.tcw.testcases.TaskTest<br>Parameters: {task=Null Tasks, description=Automation skills, emp=Jay Z}<br/>
<a href="#Output-416692630" onClick='toggleBox("Output-416692630", this, "Show output", "Hide output");'>Show output</a>

<a href="#Output-416692630" onClick="toggleAllBoxes();">Show all outputs</a>
<div class='log' id="Output-416692630">
Capturing Screenshot<br/>
<a target="_blank" href=Tue_Aug_16_12_28_45_IST_2022.jpg>Screenshot</a><br/>
<br><br/>
<a target="_blank" href=Tue_Aug_16_12_28_45_IST_2022.jpg><img src=Tue_Aug_16_12_28_45_IST_2022.jpg height=200 width=200></img></a><br/>
</div>
</td>
<td><div><pre>org.openqa.selenium.ElementClickInterceptedException: element click intercepted: Element &lt;span class=&quot;sidebar_menu_link&quot;&gt;...&lt;/span&gt; is not clickable at point (60, 630). Other element would receive the click: &lt;div id=&quot;divLoading&quot; class=&quot;show&quot;&gt;&lt;/div&gt;
  (Session info: chrome=104.0.5112.81)
Build info: version: &apos;4.1.0&apos;, revision: &apos;87802e897b&apos;
System info: host: &apos;DESKTOP-CRE3CMG&apos;, ip: &apos;192.168.1.173&apos;, os.name: &apos;Windows 10&apos;, os.arch: &apos;amd64&apos;, os.version: &apos;10.0&apos;, java.version: &apos;17&apos;
Driver info: org.openqa.selenium.chrome.ChromeDriver
Command: [ce0037692342a88ed25362872d9fc7da, clickElement {id=c287195b-3a6e-454b-8013-106ef8c865c7}]
Capabilities {acceptInsecureCerts: false, browserName: chrome, browserVersion: 104.0.5112.81, chrome: {chromedriverVersion: 104.0.5112.79 (3cf3e8c8a07d..., userDataDir: C:\Users\TECHBR~1\AppData\L...}, goog:chromeOptions: {debuggerAddress: localhost:57007}, javascriptEnabled: true, networkConnectionEnabled: false, pageLoadStrategy: normal, platform: WINDOWS, platformName: WINDOWS, proxy: Proxy(), se:cdp: ws://localhost:57007/devtoo..., se:cdpVersion: 104.0.5112.81, setWindowRect: true, strictFileInteractability: false, timeouts: {implicit: 0, pageLoad: 300000, script: 30000}, unhandledPromptBehavior: dismiss and notify, webauthn:extension:credBlob: true, webauthn:extension:largeBlob: true, webauthn:virtualAuthenticators: true}
Element: [[ChromeDriver: chrome on WINDOWS (ce0037692342a88ed25362872d9fc7da)] -&gt; xpath: //span[@class=&apos;sidebar_menu_link&apos; and text()=&apos;Tasks&apos;]]
Session ID: ce0037692342a88ed25362872d9fc7da
	at org.openqa.selenium.remote.codec.w3c.W3CHttpResponseCodec.createException(W3CHttpResponseCodec.java:200)
	at org.openqa.selenium.remote.codec.w3c.W3CHttpResponseCodec.decode(W3CHttpResponseCodec.java:133)
	at org.openqa.selenium.remote.codec.w3c.W3CHttpResponseCodec.decode(W3CHttpResponseCodec.java:53)
	at org.openqa.selenium.remote.HttpCommandExecutor.execute(HttpCommandExecutor.java:184)
	at org.openqa.selenium.remote.service.DriverCommandExecutor.invokeExecute(DriverCommandExecutor.java:164)
	at org.openqa.selenium.remote.service.DriverCommandExecutor.execute(DriverCommandExecutor.java:139)
	at org.openqa.selenium.remote.RemoteWebDriver.execute(RemoteWebDriver.java:559)
	at org.openqa.selenium.remote.RemoteWebElement.execute(RemoteWebElement.java:251)
	at org.openqa.selenium.remote.RemoteWebElement.click(RemoteWebElement.java:77)
	at org.openqa.selenium.support.pagefactory.internal.LocatingElementHandler.invoke(LocatingElementHandler.java:52)
	at jdk.proxy2/jdk.proxy2.$Proxy17.click(Unknown Source)
	at com.tcw.pages.TasksPage.goToTaskPage(TasksPage.java:59)
	at com.tcw.testcases.TaskTest.addTaskTest(TaskTest.java:19)
	at java.base/java.util.ArrayList.forEach(ArrayList.java:1511)
... Removed 35 stack frames</pre></div><a href='#' onClick='toggleBox("stack-trace416692630", this, "Click to show all stack frames", "Click to hide stack frames")'>Click to show all stack frames</a>
<div class='stack-trace' id='stack-trace416692630'><pre>org.openqa.selenium.ElementClickInterceptedException: element click intercepted: Element &lt;span class=&quot;sidebar_menu_link&quot;&gt;...&lt;/span&gt; is not clickable at point (60, 630). Other element would receive the click: &lt;div id=&quot;divLoading&quot; class=&quot;show&quot;&gt;&lt;/div&gt;
  (Session info: chrome=104.0.5112.81)
Build info: version: &apos;4.1.0&apos;, revision: &apos;87802e897b&apos;
System info: host: &apos;DESKTOP-CRE3CMG&apos;, ip: &apos;192.168.1.173&apos;, os.name: &apos;Windows 10&apos;, os.arch: &apos;amd64&apos;, os.version: &apos;10.0&apos;, java.version: &apos;17&apos;
Driver info: org.openqa.selenium.chrome.ChromeDriver
Command: [ce0037692342a88ed25362872d9fc7da, clickElement {id=c287195b-3a6e-454b-8013-106ef8c865c7}]
Capabilities {acceptInsecureCerts: false, browserName: chrome, browserVersion: 104.0.5112.81, chrome: {chromedriverVersion: 104.0.5112.79 (3cf3e8c8a07d..., userDataDir: C:\Users\TECHBR~1\AppData\L...}, goog:chromeOptions: {debuggerAddress: localhost:57007}, javascriptEnabled: true, networkConnectionEnabled: false, pageLoadStrategy: normal, platform: WINDOWS, platformName: WINDOWS, proxy: Proxy(), se:cdp: ws://localhost:57007/devtoo..., se:cdpVersion: 104.0.5112.81, setWindowRect: true, strictFileInteractability: false, timeouts: {implicit: 0, pageLoad: 300000, script: 30000}, unhandledPromptBehavior: dismiss and notify, webauthn:extension:credBlob: true, webauthn:extension:largeBlob: true, webauthn:virtualAuthenticators: true}
Element: [[ChromeDriver: chrome on WINDOWS (ce0037692342a88ed25362872d9fc7da)] -&gt; xpath: //span[@class=&apos;sidebar_menu_link&apos; and text()=&apos;Tasks&apos;]]
Session ID: ce0037692342a88ed25362872d9fc7da
	at java.base/jdk.internal.reflect.NativeConstructorAccessorImpl.newInstance0(Native Method)
	at java.base/jdk.internal.reflect.NativeConstructorAccessorImpl.newInstance(NativeConstructorAccessorImpl.java:77)
	at java.base/jdk.internal.reflect.DelegatingConstructorAccessorImpl.newInstance(DelegatingConstructorAccessorImpl.java:45)
	at java.base/java.lang.reflect.Constructor.newInstanceWithCaller(Constructor.java:499)
	at java.base/java.lang.reflect.Constructor.newInstance(Constructor.java:480)
	at org.openqa.selenium.remote.codec.w3c.W3CHttpResponseCodec.createException(W3CHttpResponseCodec.java:200)
	at org.openqa.selenium.remote.codec.w3c.W3CHttpResponseCodec.decode(W3CHttpResponseCodec.java:133)
	at org.openqa.selenium.remote.codec.w3c.W3CHttpResponseCodec.decode(W3CHttpResponseCodec.java:53)
	at org.openqa.selenium.remote.HttpCommandExecutor.execute(HttpCommandExecutor.java:184)
	at org.openqa.selenium.remote.service.DriverCommandExecutor.invokeExecute(DriverCommandExecutor.java:164)
	at org.openqa.selenium.remote.service.DriverCommandExecutor.execute(DriverCommandExecutor.java:139)
	at org.openqa.selenium.remote.RemoteWebDriver.execute(RemoteWebDriver.java:559)
	at org.openqa.selenium.remote.RemoteWebElement.execute(RemoteWebElement.java:251)
	at org.openqa.selenium.remote.RemoteWebElement.click(RemoteWebElement.java:77)
	at jdk.internal.reflect.GeneratedMethodAccessor1.invoke(Unknown Source)
	at java.base/jdk.internal.reflect.DelegatingMethodAccessorImpl.invoke(DelegatingMethodAccessorImpl.java:43)
	at java.base/java.lang.reflect.Method.invoke(Method.java:568)
	at org.openqa.selenium.support.pagefactory.internal.LocatingElementHandler.invoke(LocatingElementHandler.java:52)
	at jdk.proxy2/jdk.proxy2.$Proxy17.click(Unknown Source)
	at com.tcw.pages.TasksPage.goToTaskPage(TasksPage.java:59)
	at com.tcw.testcases.TaskTest.addTaskTest(TaskTest.java:19)
	at java.base/jdk.internal.reflect.NativeMethodAccessorImpl.invoke0(Native Method)
	at java.base/jdk.internal.reflect.NativeMethodAccessorImpl.invoke(NativeMethodAccessorImpl.java:77)
	at java.base/jdk.internal.reflect.DelegatingMethodAccessorImpl.invoke(DelegatingMethodAccessorImpl.java:43)
	at java.base/java.lang.reflect.Method.invoke(Method.java:568)
	at org.testng.internal.MethodInvocationHelper.invokeMethod(MethodInvocationHelper.java:133)
	at org.testng.internal.TestInvoker.invokeMethod(TestInvoker.java:598)
	at org.testng.internal.TestInvoker.invokeTestMethod(TestInvoker.java:173)
	at org.testng.internal.MethodRunner.runInSequence(MethodRunner.java:46)
	at org.testng.internal.TestInvoker$MethodInvocationAgent.invoke(TestInvoker.java:824)
	at org.testng.internal.TestInvoker.invokeTestMethods(TestInvoker.java:146)
	at org.testng.internal.TestMethodWorker.invokeTestMethods(TestMethodWorker.java:146)
	at org.testng.internal.TestMethodWorker.run(TestMethodWorker.java:128)
	at java.base/java.util.ArrayList.forEach(ArrayList.java:1511)
	at org.testng.TestRunner.privateRun(TestRunner.java:794)
	at org.testng.TestRunner.run(TestRunner.java:596)
	at org.testng.SuiteRunner.runTest(SuiteRunner.java:377)
	at org.testng.SuiteRunner.runSequentially(SuiteRunner.java:371)
	at org.testng.SuiteRunner.privateRun(SuiteRunner.java:332)
	at org.testng.SuiteRunner.run(SuiteRunner.java:276)
	at org.testng.SuiteRunnerWorker.runSuite(SuiteRunnerWorker.java:53)
	at org.testng.SuiteRunnerWorker.run(SuiteRunnerWorker.java:96)
	at org.testng.TestNG.runSuitesSequentially(TestNG.java:1212)
	at org.testng.TestNG.runSuitesLocally(TestNG.java:1134)
	at org.testng.TestNG.runSuites(TestNG.java:1063)
	at org.testng.TestNG.run(TestNG.java:1031)
	at org.testng.remote.AbstractRemoteTestNG.run(AbstractRemoteTestNG.java:115)
	at org.testng.remote.RemoteTestNG.initAndRun(RemoteTestNG.java:251)
	at org.testng.remote.RemoteTestNG.main(RemoteTestNG.java:77)
</pre></div></td>
<td>15</td>
<td>com.tcw.testcases.TaskTest@5bc9ba1d</td></tr>
<tr>
<td title='com.tcw.testcases.LiveStreamTest.liveStreamTest()'><b>liveStreamTest</b><br>Test class: com.tcw.testcases.LiveStreamTest<br/>
<a href="#Output-2010484538" onClick='toggleBox("Output-2010484538", this, "Show output", "Hide output");'>Show output</a>

<a href="#Output-2010484538" onClick="toggleAllBoxes();">Show all outputs</a>
<div class='log' id="Output-2010484538">
Capturing Screenshot<br/>
<a target="_blank" href=Tue_Aug_16_12_26_23_IST_2022.jpg>Screenshot</a><br/>
<br><br/>
<a target="_blank" href=Tue_Aug_16_12_26_23_IST_2022.jpg><img src=Tue_Aug_16_12_26_23_IST_2022.jpg height=200 width=200></img></a><br/>
</div>
</td>
<td><div><pre>org.openqa.selenium.TimeoutException: Expected condition failed: waiting for element to no longer be visible: By.id: divLoading (tried for 10 second(s) with 500 milliseconds interval)
Build info: version: &apos;4.1.0&apos;, revision: &apos;87802e897b&apos;
System info: host: &apos;DESKTOP-CRE3CMG&apos;, ip: &apos;192.168.1.173&apos;, os.name: &apos;Windows 10&apos;, os.arch: &apos;amd64&apos;, os.version: &apos;10.0&apos;, java.version: &apos;17&apos;
Driver info: org.openqa.selenium.chrome.ChromeDriver
Capabilities {acceptInsecureCerts: false, browserName: chrome, browserVersion: 104.0.5112.81, chrome: {chromedriverVersion: 104.0.5112.79 (3cf3e8c8a07d..., userDataDir: C:\Users\TECHBR~1\AppData\L...}, goog:chromeOptions: {debuggerAddress: localhost:56503}, javascriptEnabled: true, networkConnectionEnabled: false, pageLoadStrategy: normal, platform: WINDOWS, platformName: WINDOWS, proxy: Proxy(), se:cdp: ws://localhost:56503/devtoo..., se:cdpVersion: 104.0.5112.81, setWindowRect: true, strictFileInteractability: false, timeouts: {implicit: 0, pageLoad: 300000, script: 30000}, unhandledPromptBehavior: dismiss and notify, webauthn:extension:credBlob: true, webauthn:extension:largeBlob: true, webauthn:virtualAuthenticators: true}
Session ID: a0e41060fe4494b7f4f47ec4d66edd95
	at org.openqa.selenium.support.ui.WebDriverWait.timeoutException(WebDriverWait.java:138)
	at org.openqa.selenium.support.ui.FluentWait.until(FluentWait.java:231)
	at com.tcw.base.BasePage.toWait(BasePage.java:43)
	at com.tcw.pages.LiveStreamPage.liveStream(LiveStreamPage.java:22)
	at com.tcw.testcases.LiveStreamTest.liveStreamTest(LiveStreamTest.java:20)
	at java.base/java.util.ArrayList.forEach(ArrayList.java:1511)
... Removed 27 stack frames</pre></div><a href='#' onClick='toggleBox("stack-trace2010484538", this, "Click to show all stack frames", "Click to hide stack frames")'>Click to show all stack frames</a>
<div class='stack-trace' id='stack-trace2010484538'><pre>org.openqa.selenium.TimeoutException: Expected condition failed: waiting for element to no longer be visible: By.id: divLoading (tried for 10 second(s) with 500 milliseconds interval)
Build info: version: &apos;4.1.0&apos;, revision: &apos;87802e897b&apos;
System info: host: &apos;DESKTOP-CRE3CMG&apos;, ip: &apos;192.168.1.173&apos;, os.name: &apos;Windows 10&apos;, os.arch: &apos;amd64&apos;, os.version: &apos;10.0&apos;, java.version: &apos;17&apos;
Driver info: org.openqa.selenium.chrome.ChromeDriver
Capabilities {acceptInsecureCerts: false, browserName: chrome, browserVersion: 104.0.5112.81, chrome: {chromedriverVersion: 104.0.5112.79 (3cf3e8c8a07d..., userDataDir: C:\Users\TECHBR~1\AppData\L...}, goog:chromeOptions: {debuggerAddress: localhost:56503}, javascriptEnabled: true, networkConnectionEnabled: false, pageLoadStrategy: normal, platform: WINDOWS, platformName: WINDOWS, proxy: Proxy(), se:cdp: ws://localhost:56503/devtoo..., se:cdpVersion: 104.0.5112.81, setWindowRect: true, strictFileInteractability: false, timeouts: {implicit: 0, pageLoad: 300000, script: 30000}, unhandledPromptBehavior: dismiss and notify, webauthn:extension:credBlob: true, webauthn:extension:largeBlob: true, webauthn:virtualAuthenticators: true}
Session ID: a0e41060fe4494b7f4f47ec4d66edd95
	at org.openqa.selenium.support.ui.WebDriverWait.timeoutException(WebDriverWait.java:138)
	at org.openqa.selenium.support.ui.FluentWait.until(FluentWait.java:231)
	at com.tcw.base.BasePage.toWait(BasePage.java:43)
	at com.tcw.pages.LiveStreamPage.liveStream(LiveStreamPage.java:22)
	at com.tcw.testcases.LiveStreamTest.liveStreamTest(LiveStreamTest.java:20)
	at java.base/jdk.internal.reflect.NativeMethodAccessorImpl.invoke0(Native Method)
	at java.base/jdk.internal.reflect.NativeMethodAccessorImpl.invoke(NativeMethodAccessorImpl.java:77)
	at java.base/jdk.internal.reflect.DelegatingMethodAccessorImpl.invoke(DelegatingMethodAccessorImpl.java:43)
	at java.base/java.lang.reflect.Method.invoke(Method.java:568)
	at org.testng.internal.MethodInvocationHelper.invokeMethod(MethodInvocationHelper.java:133)
	at org.testng.internal.TestInvoker.invokeMethod(TestInvoker.java:598)
	at org.testng.internal.TestInvoker.invokeTestMethod(TestInvoker.java:173)
	at org.testng.internal.MethodRunner.runInSequence(MethodRunner.java:46)
	at org.testng.internal.TestInvoker$MethodInvocationAgent.invoke(TestInvoker.java:824)
	at org.testng.internal.TestInvoker.invokeTestMethods(TestInvoker.java:146)
	at org.testng.internal.TestMethodWorker.invokeTestMethods(TestMethodWorker.java:146)
	at org.testng.internal.TestMethodWorker.run(TestMethodWorker.java:128)
	at java.base/java.util.ArrayList.forEach(ArrayList.java:1511)
	at org.testng.TestRunner.privateRun(TestRunner.java:794)
	at org.testng.TestRunner.run(TestRunner.java:596)
	at org.testng.SuiteRunner.runTest(SuiteRunner.java:377)
	at org.testng.SuiteRunner.runSequentially(SuiteRunner.java:371)
	at org.testng.SuiteRunner.privateRun(SuiteRunner.java:332)
	at org.testng.SuiteRunner.run(SuiteRunner.java:276)
	at org.testng.SuiteRunnerWorker.runSuite(SuiteRunnerWorker.java:53)
	at org.testng.SuiteRunnerWorker.run(SuiteRunnerWorker.java:96)
	at org.testng.TestNG.runSuitesSequentially(TestNG.java:1212)
	at org.testng.TestNG.runSuitesLocally(TestNG.java:1134)
	at org.testng.TestNG.runSuites(TestNG.java:1063)
	at org.testng.TestNG.run(TestNG.java:1031)
	at org.testng.remote.AbstractRemoteTestNG.run(AbstractRemoteTestNG.java:115)
	at org.testng.remote.RemoteTestNG.initAndRun(RemoteTestNG.java:251)
	at org.testng.remote.RemoteTestNG.main(RemoteTestNG.java:77)
</pre></div></td>
<td>29</td>
<td>com.tcw.testcases.LiveStreamTest@7e22550a</td></tr>
</table><p>
<table width='100%' border='1' class='invocation-passed'>
<tr><td colspan='4' align='center'><b>PASSED TESTS</b></td></tr>
<tr><td><b>Test method</b></td>
<td width="30%"><b>Exception</b></td>
<td width="10%"><b>Time (seconds)</b></td>
<td><b>Instance</b></td>
</tr>
<tr>
<td title='com.tcw.testcases.NotClockedInNowTest.notClockedInTest()'><b>notClockedInTest</b><br>Test class: com.tcw.testcases.NotClockedInNowTest</td>
<td></td>
<td>21</td>
<td>com.tcw.testcases.NotClockedInNowTest@3e10dc6</td></tr>
<tr>
<td title='com.tcw.testcases.ShiftSwitchRequestsTest.switchScheduleReqTest()'><b>switchScheduleReqTest</b><br>Test class: com.tcw.testcases.ShiftSwitchRequestsTest</td>
<td></td>
<td>20</td>
<td>com.tcw.testcases.ShiftSwitchRequestsTest@75b25825</td></tr>
<tr>
<td title='com.tcw.testcases.EmployeesClockedInTodayTest.timesheetSrchTest()'><b>timesheetSrchTest</b><br>Test class: com.tcw.testcases.EmployeesClockedInTodayTest</td>
<td></td>
<td>18</td>
<td>com.tcw.testcases.EmployeesClockedInTodayTest@78fbff54</td></tr>
<tr>
<td title='com.tcw.testcases.ReimbursementRequestsTest.reimReqSrcTest()'><b>reimReqSrcTest</b><br>Test class: com.tcw.testcases.ReimbursementRequestsTest</td>
<td></td>
<td>25</td>
<td>com.tcw.testcases.ReimbursementRequestsTest@13cf7d52</td></tr>
<tr>
<td title='com.tcw.testcases.PossibleClockInErrorsTest.possClockInErrListTest()'><b>possClockInErrListTest</b><br>Test class: com.tcw.testcases.PossibleClockInErrorsTest</td>
<td></td>
<td>16</td>
<td>com.tcw.testcases.PossibleClockInErrorsTest@a202ccb</td></tr>
<tr>
<td title='com.tcw.testcases.SupportTest.landingOnSupportPage()'><b>landingOnSupportPage</b><br>Test class: com.tcw.testcases.SupportTest</td>
<td></td>
<td>26</td>
<td>com.tcw.testcases.SupportTest@5e81e5ac</td></tr>
<tr>
<td title='com.tcw.testcases.ClockedInNowTest.clockedInNowTest()'><b>clockedInNowTest</b><br>Test class: com.tcw.testcases.ClockedInNowTest</td>
<td></td>
<td>20</td>
<td>com.tcw.testcases.ClockedInNowTest@77a98a6a</td></tr>
<tr>
<td title='com.tcw.testcases.PendingAbsenceRequestsTest.timesheetRequestListTest()'><b>timesheetRequestListTest</b><br>Test class: com.tcw.testcases.PendingAbsenceRequestsTest</td>
<td></td>
<td>20</td>
<td>com.tcw.testcases.PendingAbsenceRequestsTest@20f12539</td></tr>
<tr>
<td title='com.tcw.testcases.PaymentTest.landingOnPaymentPage()'><b>landingOnPaymentPage</b><br>Test class: com.tcw.testcases.PaymentTest</td>
<td></td>
<td>38</td>
<td>com.tcw.testcases.PaymentTest@488eb7f2</td></tr>
<tr>
<td title='com.tcw.testcases.PendingTimesheetRequestsTest.timesheetRequestListTest()'><b>timesheetRequestListTest</b><br>Test class: com.tcw.testcases.PendingTimesheetRequestsTest</td>
<td></td>
<td>21</td>
<td>com.tcw.testcases.PendingTimesheetRequestsTest@1c6804cd</td></tr>
<tr>
<td title='com.tcw.testcases.SettingsTest.landingOnSettingsPage()'><b>landingOnSettingsPage</b><br>Test class: com.tcw.testcases.SettingsTest</td>
<td></td>
<td>26</td>
<td>com.tcw.testcases.SettingsTest@1021f6c9</td></tr>
<tr>
<td title='com.tcw.testcases.SelfRegistrationRequestsTest.selfRegUserTest()'><b>selfRegUserTest</b><br>Test class: com.tcw.testcases.SelfRegistrationRequestsTest</td>
<td></td>
<td>19</td>
<td>com.tcw.testcases.SelfRegistrationRequestsTest@3a3e4aff</td></tr>
<tr>
<td title='com.tcw.testcases.EmployeeTest.landingOnEmployeePage()'><b>landingOnEmployeePage</b><br>Test class: com.tcw.testcases.EmployeeTest</td>
<td></td>
<td>27</td>
<td>com.tcw.testcases.EmployeeTest@6941827a</td></tr>
<tr>
<td title='com.tcw.testcases.TimesheetTest.addTimeSheetTest()'><b>addTimeSheetTest</b><br>Test class: com.tcw.testcases.TimesheetTest<br>Parameters: {emp=Urvashi N}</td>
<td></td>
<td>27</td>
<td>com.tcw.testcases.TimesheetTest@45e37a7e</td></tr>
<tr>
<td title='com.tcw.testcases.ScheduledEmployeesTest.daySchTest()'><b>daySchTest</b><br>Test class: com.tcw.testcases.ScheduledEmployeesTest</td>
<td></td>
<td>23</td>
<td>com.tcw.testcases.ScheduledEmployeesTest@3f0846c6</td></tr>
<tr>
<td title='com.tcw.testcases.ReportsTest.landingOnReportsPage()'><b>landingOnReportsPage</b><br>Test class: com.tcw.testcases.ReportsTest</td>
<td></td>
<td>26</td>
<td>com.tcw.testcases.ReportsTest@7516e4e5</td></tr>
<tr>
<td title='com.tcw.testcases.PayrollTest.landingOnPayrollPage()'><b>landingOnPayrollPage</b><br>Test class: com.tcw.testcases.PayrollTest</td>
<td></td>
<td>26</td>
<td>com.tcw.testcases.PayrollTest@5a7005d</td></tr>
<tr>
<td title='com.tcw.testcases.TimesheetsToVerifyTest.verifiedClockInTest()'><b>verifiedClockInTest</b><br>Test class: com.tcw.testcases.TimesheetsToVerifyTest</td>
<td></td>
<td>21</td>
<td>com.tcw.testcases.TimesheetsToVerifyTest@18025ced</td></tr>
<tr>
<td title='com.tcw.testcases.ScheduleTest.landingOnSchedulePage()'><b>landingOnSchedulePage</b><br>Test class: com.tcw.testcases.ScheduleTest</td>
<td></td>
<td>23</td>
<td>com.tcw.testcases.ScheduleTest@62452cc9</td></tr>
</table><p>
</body>
</html>