<?xml version="1.0" encoding="UTF-8"?>
<testng-results ignored="1" total="4" passed="2" failed="1" skipped="0">
  <reporter-output>
    <line>
      <![CDATA[Capturing Screenshot]]>
    </line>
    <line>
      <![CDATA[<a target="_blank" href=Fri_Jul_08_17_21_48_IST_2022.jpg>Screenshot</a>]]>
    </line>
    <line>
      <![CDATA[<br>]]>
    </line>
    <line>
      <![CDATA[<a target="_blank" href=Fri_Jul_08_17_21_48_IST_2022.jpg><img src=Fri_Jul_08_17_21_48_IST_2022.jpg height=200 width=200></img></a>]]>
    </line>
  </reporter-output>
  <suite started-at="2022-07-08T17:20:04 IST" name="Suite" finished-at="2022-07-08T17:21:49 IST" duration-ms="105203">
    <groups>
    </groups>
    <test started-at="2022-07-08T17:20:04 IST" name="Test" finished-at="2022-07-08T17:21:49 IST" duration-ms="105203">
      <class name="com.tcw.testcases.DashboardTest">
        <test-method is-config="true" signature="settingTheLogs()[pri:0, instance:com.tcw.testcases.DashboardTest@3bd418e4]" started-at="2022-07-08T17:20:04 IST" name="settingTheLogs" finished-at="2022-07-08T17:20:04 IST" duration-ms="38" status="PASS">
          <reporter-output>
          </reporter-output>
        </test-method> <!-- settingTheLogs -->
        <test-method is-config="true" signature="setUp()[pri:0, instance:com.tcw.testcases.DashboardTest@3bd418e4]" started-at="2022-07-08T17:20:04 IST" name="setUp" finished-at="2022-07-08T17:20:18 IST" duration-ms="13777" status="PASS">
          <reporter-output>
          </reporter-output>
        </test-method> <!-- setUp -->
        <test-method signature="addTaskTest()[pri:1, instance:com.tcw.testcases.DashboardTest@3bd418e4]" started-at="2022-07-08T17:20:18 IST" name="addTaskTest" finished-at="2022-07-08T17:20:37 IST" duration-ms="19191" status="PASS">
          <reporter-output>
          </reporter-output>
        </test-method> <!-- addTaskTest -->
        <test-method is-config="true" signature="tearDown()[pri:0, instance:com.tcw.testcases.DashboardTest@3bd418e4]" started-at="2022-07-08T17:20:37 IST" name="tearDown" finished-at="2022-07-08T17:20:37 IST" duration-ms="494" status="PASS">
          <reporter-output>
          </reporter-output>
        </test-method> <!-- tearDown -->
        <test-method is-config="true" signature="setUp()[pri:0, instance:com.tcw.testcases.DashboardTest@3bd418e4]" started-at="2022-07-08T17:20:37 IST" name="setUp" finished-at="2022-07-08T17:20:49 IST" duration-ms="11446" status="PASS">
          <reporter-output>
          </reporter-output>
        </test-method> <!-- setUp -->
        <test-method signature="goToPendingTimesheetReqTest()[pri:2, instance:com.tcw.testcases.DashboardTest@3bd418e4]" started-at="2022-07-08T17:20:49 IST" name="goToPendingTimesheetReqTest" finished-at="2022-07-08T17:21:11 IST" duration-ms="22570" status="PASS">
          <reporter-output>
          </reporter-output>
        </test-method> <!-- goToPendingTimesheetReqTest -->
        <test-method is-config="true" signature="tearDown()[pri:0, instance:com.tcw.testcases.DashboardTest@3bd418e4]" started-at="2022-07-08T17:21:11 IST" name="tearDown" finished-at="2022-07-08T17:21:13 IST" duration-ms="1199" status="PASS">
          <reporter-output>
          </reporter-output>
        </test-method> <!-- tearDown -->
      </class> <!-- com.tcw.testcases.DashboardTest -->
      <class name="com.tcw.testcases.PendingTimesheetRequestsTest">
        <test-method is-config="true" signature="setUp()[pri:0, instance:com.tcw.testcases.PendingTimesheetRequestsTest@7d42c224]" started-at="2022-07-08T17:21:13 IST" name="setUp" finished-at="2022-07-08T17:21:24 IST" duration-ms="11446" status="PASS">
          <reporter-output>
          </reporter-output>
        </test-method> <!-- setUp -->
        <test-method signature="timesheetRequestListTest()[pri:1, instance:com.tcw.testcases.PendingTimesheetRequestsTest@7d42c224]" started-at="2022-07-08T17:21:24 IST" name="timesheetRequestListTest" finished-at="2022-07-08T17:21:48 IST" duration-ms="24289" status="FAIL">
          <exception class="java.lang.AssertionError">
            <message>
              <![CDATA[expected [Naxme] but found [Name]]]>
            </message>
            <full-stacktrace>
              <![CDATA[java.lang.AssertionError: expected [Naxme] but found [Name]
at org.testng.Assert.fail(Assert.java:99)
at org.testng.Assert.failNotEquals(Assert.java:1037)
at org.testng.Assert.assertEqualsImpl(Assert.java:140)
at org.testng.Assert.assertEquals(Assert.java:122)
at org.testng.Assert.assertEquals(Assert.java:629)
at org.testng.Assert.assertEquals(Assert.java:639)
at com.tcw.testcases.PendingTimesheetRequestsTest.timesheetRequestListTest(PendingTimesheetRequestsTest.java:22)
at java.base/jdk.internal.reflect.NativeMethodAccessorImpl.invoke0(Native Method)
at java.base/jdk.internal.reflect.NativeMethodAccessorImpl.invoke(NativeMethodAccessorImpl.java:77)
at java.base/jdk.internal.reflect.DelegatingMethodAccessorImpl.invoke(DelegatingMethodAccessorImpl.java:43)
at java.base/java.lang.reflect.Method.invoke(Method.java:568)
at org.testng.internal.MethodInvocationHelper.invokeMethod(MethodInvocationHelper.java:133)
at org.testng.internal.TestInvoker.invokeMethod(TestInvoker.java:598)
at org.testng.internal.TestInvoker.invokeTestMethod(TestInvoker.java:173)
at org.testng.internal.MethodRunner.runInSequence(MethodRunner.java:46)
at org.testng.internal.TestInvoker$MethodInvocationAgent.invoke(TestInvoker.java:824)
at org.testng.internal.TestInvoker.invokeTestMethods(TestInvoker.java:146)
at org.testng.internal.TestMethodWorker.invokeTestMethods(TestMethodWorker.java:146)
at org.testng.internal.TestMethodWorker.run(TestMethodWorker.java:128)
at java.base/java.util.ArrayList.forEach(ArrayList.java:1511)
at org.testng.TestRunner.privateRun(TestRunner.java:794)
at org.testng.TestRunner.run(TestRunner.java:596)
at org.testng.SuiteRunner.runTest(SuiteRunner.java:377)
at org.testng.SuiteRunner.runSequentially(SuiteRunner.java:371)
at org.testng.SuiteRunner.privateRun(SuiteRunner.java:332)
at org.testng.SuiteRunner.run(SuiteRunner.java:276)
at org.testng.SuiteRunnerWorker.runSuite(SuiteRunnerWorker.java:53)
at org.testng.SuiteRunnerWorker.run(SuiteRunnerWorker.java:96)
at org.testng.TestNG.runSuitesSequentially(TestNG.java:1212)
at org.testng.TestNG.runSuitesLocally(TestNG.java:1134)
at org.testng.TestNG.runSuites(TestNG.java:1063)
at org.testng.TestNG.run(TestNG.java:1031)
at org.testng.remote.AbstractRemoteTestNG.run(AbstractRemoteTestNG.java:115)
at org.testng.remote.RemoteTestNG.initAndRun(RemoteTestNG.java:251)
at org.testng.remote.RemoteTestNG.main(RemoteTestNG.java:77)
]]>
            </full-stacktrace>
          </exception> <!-- java.lang.AssertionError -->
          <reporter-output>
            <line>
              <![CDATA[Capturing Screenshot]]>
            </line>
            <line>
              <![CDATA[<a target="_blank" href=Fri_Jul_08_17_21_48_IST_2022.jpg>Screenshot</a>]]>
            </line>
            <line>
              <![CDATA[<br>]]>
            </line>
            <line>
              <![CDATA[<a target="_blank" href=Fri_Jul_08_17_21_48_IST_2022.jpg><img src=Fri_Jul_08_17_21_48_IST_2022.jpg height=200 width=200></img></a>]]>
            </line>
          </reporter-output>
        </test-method> <!-- timesheetRequestListTest -->
        <test-method is-config="true" signature="tearDown()[pri:0, instance:com.tcw.testcases.PendingTimesheetRequestsTest@7d42c224]" started-at="2022-07-08T17:21:49 IST" name="tearDown" finished-at="2022-07-08T17:21:49 IST" duration-ms="441" status="PASS">
          <reporter-output>
          </reporter-output>
        </test-method> <!-- tearDown -->
      </class> <!-- com.tcw.testcases.PendingTimesheetRequestsTest -->
    </test> <!-- Test -->
  </suite> <!-- Suite -->
</testng-results>
